<?xml version="1.0" encoding="UTF-8"?>
<!-- Generated by org.testng.reporters.JUnitReportReporter -->
<testsuite hostname="HomeDesktop2022" failures="0" tests="4" name="com.TestNgChallenges.ParallalTesting" time="7.211" errors="0" timestamp="2023-05-13T18:48:56 EDT" skipped="0">
  <testcase classname="com.TestNgChallenges.ParallalTesting" name="senatyTest" time="1.652"/>
  <system-out/>
  <testcase classname="com.TestNgChallenges.ParallalTesting" name="smokeTest" time="1.627"/>
  <system-out/>
  <testcase classname="com.TestNgChallenges.ParallalTesting" name="regressionTest" time="1.638"/>
  <system-out/>
  <testcase classname="com.TestNgChallenges.ParallalTesting" name="functionalTest" time="2.294"/>
  <system-out/>
</testsuite> <!-- com.TestNgChallenges.ParallalTesting -->
