<?xml version="1.0" encoding="UTF-8"?>
<!-- Generated by org.testng.reporters.JUnitReportReporter -->
<testsuite hostname="HomeDesktop2022" failures="0" tests="4" name="com.TestNgChallenges.TestDataProvider" time="8.313" errors="0" timestamp="2023-05-13T19:11:14 EDT" skipped="0">
  <testcase classname="com.TestNgChallenges.TestDataProvider" name="getLogin" time="1.657"/>
  <system-out/>
  <testcase classname="com.TestNgChallenges.TestDataProvider" name="getLogin" time="1.968"/>
  <system-out/>
  <testcase classname="com.TestNgChallenges.TestDataProvider" name="getLogin" time="2.647"/>
  <system-out/>
  <testcase classname="com.TestNgChallenges.TestDataProvider" name="getLogin" time="2.041"/>
  <system-out/>
</testsuite> <!-- com.TestNgChallenges.TestDataProvider -->
