<?xml version="1.0" encoding="UTF-8"?>
<!-- Generated by org.testng.reporters.JUnitReportReporter -->
<testsuite hostname="HomeDesktop2022" failures="0" tests="1" name="com.TestNgChallenges.DataProvider" time="6.212" errors="0" timestamp="2023-05-13T19:03:32 EDT" skipped="0">
  <testcase classname="com.TestNgChallenges.DataProvider" name="getLogin" time="6.212"/>
  <system-out/>
</testsuite> <!-- com.TestNgChallenges.DataProvider -->
