<?xml version="1.0" encoding="UTF-8"?>
<!-- Generated by org.testng.reporters.JUnitReportReporter -->
<testsuite hostname="HomeDesktop2022" failures="0" tests="3" name="com.TestNgChallenges.CrossBrowserTesting" time="17.990" errors="0" timestamp="2023-05-13T18:12:04 EDT" skipped="0">
  <testcase classname="com.TestNgChallenges.CrossBrowserTesting" name="getLogIn" time="6.128"/>
  <system-out/>
  <testcase classname="com.TestNgChallenges.CrossBrowserTesting" name="getLogIn" time="7.598"/>
  <system-out/>
  <testcase classname="com.TestNgChallenges.CrossBrowserTesting" name="getLogIn" time="4.264"/>
  <system-out/>
</testsuite> <!-- com.TestNgChallenges.CrossBrowserTesting -->
